# JRE version: Java(TM) SE Runtime Environment (8.0_112-b15) (build 1.8.0_112-b15)
# Java VM: Java HotSpot(TM) 64-Bit Server VM (25.112-b15 mixed mode windows-amd64 compressed oops)
Heap:
 PSYoungGen      total 52736K, used 44381K [0x00000007bc400000, 0x00000007c0000000, 0x00000007c0000000)
  eden space 44032K, 88% used [0x00000007bc400000,0x00000007bea1a4f0,0x00000007bef00000)
  from space 8704K, 61% used [0x00000007bef00000,0x00000007bf43d268,0x00000007bf780000)
  to   space 8704K, 0% used [0x00000007bf780000,0x00000007bf780000,0x00000007c0000000)
 ParOldGen       total 210944K, used 111879K [0x0000000700000000, 0x000000070ce00000, 0x00000007bc400000)
  object space 210944K, 53% used [0x0000000700000000,0x0000000706d41df0,0x000000070ce00000)
 Metaspace       used 85401K, capacity 86213K, committed 87040K, reserved 1124352K
  class space    used 12294K, capacity 12450K, committed 12544K, reserved 1048576K
GC Heap History (10 events):
Event: 89052.072 GC heap before
{Heap before GC invocations=1107 (full 56):
 PSYoungGen      total 53760K, used 52436K [0x00000007bc400000, 0x00000007c0000000, 0x00000007c0000000)
  eden space 47104K, 100% used [0x00000007bc400000,0x00000007bf200000,0x00000007bf200000)
  from space 6656K, 80% used [0x00000007bf980000,0x00000007bfeb5268,0x00000007c0000000)
  to   space 7168K, 0% used [0x00000007bf200000,0x00000007bf200000,0x00000007bf900000)
 ParOldGen       total 210944K, used 111695K [0x0000000700000000, 0x000000070ce00000, 0x00000007bc400000)
  object space 210944K, 52% used [0x0000000700000000,0x0000000706d13dc0,0x000000070ce00000)
 Metaspace       used 85306K, capacity 86079K, committed 86784K, reserved 1124352K
  class space    used 12286K, capacity 12449K, committed 12544K, reserved 1048576K
Event: 89052.079 GC heap after
Heap after GC invocations=1107 (full 56):
 PSYoungGen      total 52736K, used 5684K [0x00000007bc400000, 0x00000007c0000000, 0x00000007c0000000)
  eden space 46592K, 0% used [0x00000007bc400000,0x00000007bc400000,0x00000007bf180000)
  from space 6144K, 92% used [0x00000007bf200000,0x00000007bf78d268,0x00000007bf800000)
  to   space 7680K, 0% used [0x00000007bf880000,0x00000007bf880000,0x00000007c0000000)
 ParOldGen       total 210944K, used 111695K [0x0000000700000000, 0x000000070ce00000, 0x00000007bc400000)
  object space 210944K, 52% used [0x0000000700000000,0x0000000706d13dc0,0x000000070ce00000)
 Metaspace       used 85306K, capacity 86079K, committed 86784K, reserved 1124352K
  class space    used 12286K, capacity 12449K, committed 12544K, reserved 1048576K
}
Event: 89098.289 GC heap before
{Heap before GC invocations=1108 (full 56):
 PSYoungGen      total 52736K, used 52276K [0x00000007bc400000, 0x00000007c0000000, 0x00000007c0000000)
  eden space 46592K, 100% used [0x00000007bc400000,0x00000007bf180000,0x00000007bf180000)
  from space 6144K, 92% used [0x00000007bf200000,0x00000007bf78d268,0x00000007bf800000)
  to   space 7680K, 0% used [0x00000007bf880000,0x00000007bf880000,0x00000007c0000000)
 ParOldGen       total 210944K, used 111695K [0x0000000700000000, 0x000000070ce00000, 0x00000007bc400000)
  object space 210944K, 52% used [0x0000000700000000,0x0000000706d13dc0,0x000000070ce00000)
 Metaspace       used 85309K, capacity 86079K, committed 86784K, reserved 1124352K
  class space    used 12286K, capacity 12449K, committed 12544K, reserved 1048576K
Event: 89098.296 GC heap after
Heap after GC invocations=1108 (full 56):
 PSYoungGen      total 52736K, used 5844K [0x00000007bc400000, 0x00000007c0000000, 0x00000007c0000000)
  eden space 45056K, 0% used [0x00000007bc400000,0x00000007bc400000,0x00000007bf000000)
  from space 7680K, 76% used [0x00000007bf880000,0x00000007bfe35268,0x00000007c0000000)
  to   space 8192K, 0% used [0x00000007bf000000,0x00000007bf000000,0x00000007bf800000)
 ParOldGen       total 210944K, used 111695K [0x0000000700000000, 0x000000070ce00000, 0x00000007bc400000)
  object space 210944K, 52% used [0x0000000700000000,0x0000000706d13dc0,0x000000070ce00000)
 Metaspace       used 85309K, capacity 86079K, committed 86784K, reserved 1124352K
  class space    used 12286K, capacity 12449K, committed 12544K, reserved 1048576K
}
Event: 89104.034 GC heap before
{Heap before GC invocations=1109 (full 56):
 PSYoungGen      total 52736K, used 50900K [0x00000007bc400000, 0x00000007c0000000, 0x00000007c0000000)
  eden space 45056K, 100% used [0x00000007bc400000,0x00000007bf000000,0x00000007bf000000)
  from space 7680K, 76% used [0x00000007bf880000,0x00000007bfe35268,0x00000007c0000000)
  to   space 8192K, 0% used [0x00000007bf000000,0x00000007bf000000,0x00000007bf800000)
 ParOldGen       total 210944K, used 111695K [0x0000000700000000, 0x000000070ce00000, 0x00000007bc400000)
  object space 210944K, 52% used [0x0000000700000000,0x0000000706d13dc0,0x000000070ce00000)
 Metaspace       used 85309K, capacity 86079K, committed 86784K, reserved 1124352K
  class space    used 12286K, capacity 12449K, committed 12544K, reserved 1048576K
Event: 89104.040 GC heap after
Heap after GC invocations=1109 (full 56):
 PSYoungGen      total 50176K, used 5492K [0x00000007bc400000, 0x00000007c0000000, 0x00000007c0000000)
  eden space 44544K, 0% used [0x00000007bc400000,0x00000007bc400000,0x00000007bef80000)
  from space 5632K, 97% used [0x00000007bf000000,0x00000007bf55d268,0x00000007bf580000)
  to   space 8704K, 0% used [0x00000007bf780000,0x00000007bf780000,0x00000007c0000000)
 ParOldGen       total 210944K, used 111695K [0x0000000700000000, 0x000000070ce00000, 0x00000007bc400000)
  object space 210944K, 52% used [0x0000000700000000,0x0000000706d13dc0,0x000000070ce00000)
 Metaspace       used 85309K, capacity 86079K, committed 86784K, reserved 1124352K
  class space    used 12286K, capacity 12449K, committed 12544K, reserved 1048576K
}
Event: 89104.512 GC heap before
{Heap before GC invocations=1110 (full 56):
 PSYoungGen      total 50176K, used 50036K [0x00000007bc400000, 0x00000007c0000000, 0x00000007c0000000)
  eden space 44544K, 100% used [0x00000007bc400000,0x00000007bef80000,0x00000007bef80000)
  from space 5632K, 97% used [0x00000007bf000000,0x00000007bf55d268,0x00000007bf580000)
  to   space 8704K, 0% used [0x00000007bf780000,0x00000007bf780000,0x00000007c0000000)
 ParOldGen       total 210944K, used 111695K [0x0000000700000000, 0x000000070ce00000, 0x00000007bc400000)
  object space 210944K, 52% used [0x0000000700000000,0x0000000706d13dc0,0x000000070ce00000)
 Metaspace       used 85309K, capacity 86079K, committed 86784K, reserved 1124352K
  class space    used 12286K, capacity 12449K, committed 12544K, reserved 1048576K
Event: 89104.518 GC heap after
Heap after GC invocations=1110 (full 56):
 PSYoungGen      total 52736K, used 5492K [0x00000007bc400000, 0x00000007c0000000, 0x00000007c0000000)
  eden space 44032K, 0% used [0x00000007bc400000,0x00000007bc400000,0x00000007bef00000)
  from space 8704K, 63% used [0x00000007bf780000,0x00000007bfcdd268,0x00000007c0000000)
  to   space 8704K, 0% used [0x00000007bef00000,0x00000007bef00000,0x00000007bf780000)
 ParOldGen       total 210944K, used 111711K [0x0000000700000000, 0x000000070ce00000, 0x00000007bc400000)
  object space 210944K, 52% used [0x0000000700000000,0x0000000706d17dc0,0x000000070ce00000)
 Metaspace       used 85309K, capacity 86079K, committed 86784K, reserved 1124352K
  class space    used 12286K, capacity 12449K, committed 12544K, reserved 1048576K
}
Event: 89105.015 GC heap before
{Heap before GC invocations=1111 (full 56):
 PSYoungGen      total 52736K, used 49524K [0x00000007bc400000, 0x00000007c0000000, 0x00000007c0000000)
  eden space 44032K, 100% used [0x00000007bc400000,0x00000007bef00000,0x00000007bef00000)
  from space 8704K, 63% used [0x00000007bf780000,0x00000007bfcdd268,0x00000007c0000000)
  to   space 8704K, 0% used [0x00000007bef00000,0x00000007bef00000,0x00000007bf780000)
 ParOldGen       total 210944K, used 111711K [0x0000000700000000, 0x000000070ce00000, 0x00000007bc400000)
  object space 210944K, 52% used [0x0000000700000000,0x0000000706d17dc0,0x000000070ce00000)
 Metaspace       used 85309K, capacity 86079K, committed 86784K, reserved 1124352K
  class space    used 12286K, capacity 12449K, committed 12544K, reserved 1048576K
Event: 89105.021 GC heap after
Heap after GC invocations=1111 (full 56):
 PSYoungGen      total 52736K, used 5364K [0x00000007bc400000, 0x00000007c0000000, 0x00000007c0000000)
  eden space 44032K, 0% used [0x00000007bc400000,0x00000007bc400000,0x00000007bef00000)
  from space 8704K, 61% used [0x00000007bef00000,0x00000007bf43d268,0x00000007bf780000)
  to   space 8704K, 0% used [0x00000007bf780000,0x00000007bf780000,0x00000007c0000000)
 ParOldGen       total 210944K, used 111879K [0x0000000700000000, 0x000000070ce00000, 0x00000007bc400000)
  object space 210944K, 53% used [0x0000000700000000,0x0000000706d41df0,0x000000070ce00000)
 Metaspace       used 85309K, capacity 86079K, committed 86784K, reserved 1124352K
  class space    used 12286K, capacity 12449K, committed 12544K, reserved 1048576K
}

